<?xml version="1.0" encoding="UTF-8"?>
<!-- Generated by org.testng.reporters.JUnitReportReporter -->
<testsuite hostname="Srvt" failures="0" tests="4" name="test.dataProvide" time="0.022" errors="0" timestamp="2025-03-19T13:01:32 MEZ" skipped="0">
  <testcase classname="test.dataProvide" name="testCaseData" time="0.002"/>
  <testcase classname="test.dataProvide" name="testCaseData" time="0.002"/>
  <testcase classname="test.dataProvide" name="testCaseData" time="0.016"/>
  <testcase classname="test.dataProvide" name="testCaseData" time="0.002"/>
</testsuite> <!-- test.dataProvide -->
